<?xml version="1.0" encoding="UTF-8"?>
<!-- Generated by org.testng.reporters.JUnitReportReporter -->
<testsuite hostname="DESKTOP-6LDC70F" failures="0" tests="1" name="test.LoginTest" time="27.977" errors="0" timestamp="2023-12-08T21:10:26 GMT-08:00" skipped="0">
  <testcase classname="test.LoginTest" name="login" time="27.977"/>
  <system-out/>
</testsuite> <!-- test.LoginTest -->
