<?xml version="1.0" encoding="UTF-8"?>
<!-- Generated by org.testng.reporters.JUnitReportReporter -->
<testsuite hostname="DESKTOP-6LDC70F" failures="0" tests="1" name="test.LoginTest" time="25.623" errors="0" timestamp="2023-12-08T11:03:14 GMT-08:00" skipped="0">
  <testcase classname="test.LoginTest" name="login" time="25.623"/>
  <system-out/>
</testsuite> <!-- test.LoginTest -->
