<?xml version="1.0" encoding="UTF-8"?>
<!-- Generated by org.testng.reporters.JUnitReportReporter -->
<testsuite hostname="DESKTOP-6LDC70F" failures="0" tests="2" name="test.LoginTest" time="48.146" errors="0" timestamp="2023-12-12T13:24:37 GMT-08:00" skipped="0">
  <testcase classname="test.LoginTest" name="login" time="32.284"/>
  <system-out/>
  <testcase classname="test.LoginTest" name="login" time="15.862"/>
  <system-out/>
</testsuite> <!-- test.LoginTest -->
