<?xml version="1.0" encoding="UTF-8"?>
<!-- Generated by org.testng.reporters.JUnitReportReporter -->
<testsuite hostname="DESKTOP-6LDC70F" failures="0" tests="4" name="test.NoteTest" time="80.297" errors="0" timestamp="2023-12-20T19:26:22 GMT-08:00" skipped="0">
  <testcase classname="test.NoteTest" name="VerifyUserIsAbleToAddNote" time="20.293"/>
  <system-out/>
  <testcase classname="test.NoteTest" name="VerifyUserIsAbleTosearchNote" time="18.059"/>
  <system-out/>
  <testcase classname="test.NoteTest" name="VerifyUserIsAbleToEditNote" time="23.117"/>
  <system-out/>
  <testcase classname="test.NoteTest" name="VerifyUserIsAbleToDeletNote" time="18.828"/>
  <system-out/>
</testsuite> <!-- test.NoteTest -->
