<?xml version="1.0" encoding="UTF-8"?>
<!-- Generated by org.testng.reporters.JUnitReportReporter -->
<testsuite hostname="DESKTOP-6LDC70F" failures="0" tests="1" name="test.LoginTest" time="88.988" errors="0" timestamp="2023-12-14T09:29:10 GMT-08:00" skipped="0">
  <testcase classname="test.LoginTest" name="login" time="88.988"/>
  <system-out/>
</testsuite> <!-- test.LoginTest -->
