<?xml version="1.0" encoding="UTF-8"?>
<!-- Generated by org.testng.reporters.JUnitReportReporter -->
<testsuite hostname="DESKTOP-6LDC70F" failures="0" tests="7" name="test.ClientTest" time="267.027" errors="0" timestamp="2023-12-20T11:29:40 GMT-08:00" skipped="3">
  <testcase classname="test.ClientTest" name="verifyUserIsAbleToAddClient" time="25.533"/>
  <system-out/>
  <testcase classname="test.ClientTest" name="verifyUserIsAbleToAddClient" time="49.648">
    <skipped/>
  </testcase> <!-- verifyUserIsAbleToAddClient -->
  <system-out/>
  <testcase classname="test.ClientTest" name="verifyUserIsAbleToSearchClient" time="27.387"/>
  <system-out/>
  <testcase classname="test.ClientTest" name="verifyUserIsAbleToEditClient" time="21.292">
    <skipped/>
  </testcase> <!-- verifyUserIsAbleToEditClient -->
  <system-out/>
  <testcase classname="test.ClientTest" name="verifyUserIsAbleToEditClient" time="96.325">
    <skipped/>
  </testcase> <!-- verifyUserIsAbleToEditClient -->
  <system-out/>
  <testcase classname="test.ClientTest" name="verifyUserIsAbleToEditClient" time="20.869"/>
  <system-out/>
  <testcase classname="test.ClientTest" name="verifyUserIsAbleToDeletClient" time="25.973"/>
  <system-out/>
</testsuite> <!-- test.ClientTest -->
