<?xml version="1.0" encoding="UTF-8"?>
<!-- Generated by org.testng.reporters.JUnitReportReporter -->
<testsuite hostname="DESKTOP-6LDC70F" failures="0" tests="1" name="test.ClientTest" time="95.963" errors="0" timestamp="2023-11-19T13:39:50 GMT-08:00" skipped="0">
  <testcase classname="test.ClientTest" name="verifyUserIsAbleToSearchClient" time="95.963"/>
  <system-out/>
</testsuite> <!-- test.ClientTest -->
