<?xml version="1.0" encoding="UTF-8"?>
<!-- Generated by org.testng.reporters.JUnitReportReporter -->
<testsuite hostname="DESKTOP-6LDC70F" failures="0" tests="4" name="test.ClientTest" time="89.919" errors="0" timestamp="2023-12-20T09:46:20 GMT-08:00" skipped="0">
  <testcase classname="test.ClientTest" name="verifyUserIsAbleToAddClient" time="29.286"/>
  <system-out/>
  <testcase classname="test.ClientTest" name="verifyUserIsAbleToSearchClient" time="20.559"/>
  <system-out/>
  <testcase classname="test.ClientTest" name="verifyUserIsAbleToEditClient" time="21.436"/>
  <system-out/>
  <testcase classname="test.ClientTest" name="verifyUserIsAbleToDeletClient" time="18.638"/>
  <system-out/>
</testsuite> <!-- test.ClientTest -->
