<?xml version="1.0" encoding="UTF-8"?>
<!-- Generated by org.testng.reporters.JUnitReportReporter -->
<testsuite hostname="DESKTOP-6LDC70F" failures="0" tests="4" name="test.NoteTest" time="151.358" errors="0" timestamp="2023-12-20T11:24:05 GMT-08:00" skipped="0">
  <testcase classname="test.NoteTest" name="VerifyUserIsAbleToAddNote" time="39.676"/>
  <system-out/>
  <testcase classname="test.NoteTest" name="VerifyUserIsAbleTosearchNote" time="31.007"/>
  <system-out/>
  <testcase classname="test.NoteTest" name="VerifyUserIsAbleToEditNote" time="35.184"/>
  <system-out/>
  <testcase classname="test.NoteTest" name="VerifyUserIsAbleToDeletNote" time="45.491"/>
  <system-out/>
</testsuite> <!-- test.NoteTest -->
