<?xml version="1.0" encoding="UTF-8"?>
<!-- Generated by org.testng.reporters.JUnitReportReporter -->
<testsuite hostname="DESKTOP-6LDC70F" failures="0" tests="1" name="test.NoteTest" time="42.078" errors="0" timestamp="2023-12-01T21:06:18 GMT-08:00" skipped="0">
  <testcase classname="test.NoteTest" name="VerifyUserIsAbleToAddNote" time="42.078"/>
  <system-out/>
</testsuite> <!-- test.NoteTest -->
