<?xml version="1.0" encoding="UTF-8"?>
<!-- Generated by org.testng.reporters.JUnitReportReporter -->
<testsuite hostname="DESKTOP-6LDC70F" failures="0" tests="1" name="test.LoginTest" time="27.351" errors="0" timestamp="2023-12-20T19:10:33 GMT-08:00" skipped="0">
  <testcase classname="test.LoginTest" name="login" time="27.351"/>
  <system-out/>
</testsuite> <!-- test.LoginTest -->
