<?xml version="1.0" encoding="UTF-8"?>
<!-- Generated by org.testng.reporters.JUnitReportReporter -->
<testsuite hostname="DESKTOP-6LDC70F" failures="0" tests="1" name="test.ProjectTest" time="34.218" errors="0" timestamp="2023-12-20T10:04:26 GMT-08:00" skipped="0">
  <testcase classname="test.ProjectTest" name="verifyUserIsAbleToEditProject" time="34.218"/>
  <system-out/>
</testsuite> <!-- test.ProjectTest -->
