<?xml version="1.0" encoding="UTF-8"?>
<!-- Generated by org.testng.reporters.JUnitReportReporter -->
<testsuite hostname="DESKTOP-6LDC70F" failures="0" tests="4" name="test.NoteTest" time="108.555" errors="0" timestamp="2023-12-20T19:10:33 GMT-08:00" skipped="0">
  <testcase classname="test.NoteTest" name="VerifyUserIsAbleToAddNote" time="23.853"/>
  <system-out/>
  <testcase classname="test.NoteTest" name="VerifyUserIsAbleTosearchNote" time="23.499"/>
  <system-out/>
  <testcase classname="test.NoteTest" name="VerifyUserIsAbleToEditNote" time="26.316"/>
  <system-out/>
  <testcase classname="test.NoteTest" name="VerifyUserIsAbleToDeletNote" time="34.887"/>
  <system-out/>
</testsuite> <!-- test.NoteTest -->
